{"level":"info","message":"Received OTP request for email:","timestamp":"2025-06-19T09:54:27.529Z"}
{"level":"info","message":"Generated OTP for user","timestamp":"2025-06-19T09:54:27.549Z"}
{"level":"info","message":"Saved OTP to user record","timestamp":"2025-06-19T09:54:27.566Z"}
{"level":"info","message":"Attempting to send email with Brevo API Key (length: 90)","timestamp":"2025-06-19T09:54:27.567Z"}
{"level":"info","message":"Sending email to:","timestamp":"2025-06-19T09:54:27.568Z"}
{"level":"info","message":"Email API response status:","timestamp":"2025-06-19T09:54:28.239Z"}
{"error":{"code":"unauthorized","message":"Key not found"},"level":"error","message":"Email API error:","status":401,"statusText":"Unauthorized","timestamp":"2025-06-19T09:54:28.239Z"}
{"level":"error","message":"Failed to send OTP email","timestamp":"2025-06-19T09:54:28.240Z"}
{"level":"info","message":"Server running on port 5000 in development mode","timestamp":"2025-06-19T09:56:56.796Z"}
{"level":"info","message":"Connected to MongoDB","timestamp":"2025-06-19T09:56:56.809Z"}
{"level":"info","message":"Received OTP request for email:","timestamp":"2025-06-19T09:56:59.404Z"}
{"level":"info","message":"Generated OTP for user","timestamp":"2025-06-19T09:56:59.425Z"}
{"level":"info","message":"Saved OTP to user record","timestamp":"2025-06-19T09:56:59.442Z"}
{"level":"info","message":"Attempting to send email to kondruvanda@gmail.com with Brevo API","timestamp":"2025-06-19T09:56:59.443Z"}
{"level":"info","message":"Email API response status: 401","timestamp":"2025-06-19T09:57:00.416Z"}
{"error":{"code":"unauthorized","message":"Key not found"},"level":"error","message":"Email API error:","status":401,"statusText":"Unauthorized","timestamp":"2025-06-19T09:57:00.416Z"}
{"level":"error","message":"Failed to send OTP email","timestamp":"2025-06-19T09:57:00.416Z"}
{"level":"info","message":"Server running on port 5000 in development mode","timestamp":"2025-06-19T10:02:04.608Z"}
{"level":"info","message":"Connected to MongoDB","timestamp":"2025-06-19T10:02:04.622Z"}
{"level":"info","message":"Received OTP request for email:","timestamp":"2025-06-19T10:02:18.183Z"}
{"level":"info","message":"Generated OTP for user","timestamp":"2025-06-19T10:02:18.202Z"}
{"level":"info","message":"Saved OTP to user record","timestamp":"2025-06-19T10:02:18.216Z"}
{"level":"info","message":"Attempting to send email to kondruvanda@gmail.com with Brevo API","timestamp":"2025-06-19T10:02:18.217Z"}
{"level":"info","message":"Email API response status: 401","timestamp":"2025-06-19T10:02:19.177Z"}
{"error":{"code":"unauthorized","message":"Key not found"},"level":"error","message":"Email API error:","status":401,"statusText":"Unauthorized","timestamp":"2025-06-19T10:02:19.178Z"}
{"level":"error","message":"Authentication failed. Please check your Brevo API key.","timestamp":"2025-06-19T10:02:19.179Z"}
{"level":"error","message":"Failed to send OTP email","timestamp":"2025-06-19T10:02:19.180Z"}
{"level":"info","message":"Connected to MongoDB","timestamp":"2025-06-19T10:04:30.592Z"}
{"level":"info","message":"Server running on port 5000 in development mode","timestamp":"2025-06-19T10:04:30.600Z"}
{"level":"info","message":"Received OTP request for email:","timestamp":"2025-06-19T10:04:36.922Z"}
{"level":"info","message":"Generated OTP for user","timestamp":"2025-06-19T10:04:36.944Z"}
{"level":"info","message":"Saved OTP to user record","timestamp":"2025-06-19T10:04:36.959Z"}
{"level":"info","message":"Attempting to send email to kondruvanda@gmail.com with Brevo API","timestamp":"2025-06-19T10:04:36.960Z"}
{"level":"info","message":"Email API response status: 401","timestamp":"2025-06-19T10:04:37.941Z"}
{"error":{"code":"unauthorized","message":"Key not found"},"level":"error","message":"Email API error:","status":401,"statusText":"Unauthorized","timestamp":"2025-06-19T10:04:37.942Z"}
{"level":"error","message":"Authentication failed. Please check your Brevo API key.","timestamp":"2025-06-19T10:04:37.943Z"}
{"level":"error","message":"Failed to send OTP email","timestamp":"2025-06-19T10:04:37.944Z"}
{"level":"info","message":"Connected to MongoDB","timestamp":"2025-06-19T10:06:33.368Z"}
{"level":"info","message":"Server running on port 5000 in development mode","timestamp":"2025-06-19T10:06:33.374Z"}
{"level":"info","message":"Received OTP request for email:","timestamp":"2025-06-19T10:06:58.718Z"}
{"level":"info","message":"Generated OTP for user","timestamp":"2025-06-19T10:06:58.733Z"}
{"level":"info","message":"Saved OTP to user record","timestamp":"2025-06-19T10:06:58.743Z"}
{"level":"error","message":"Invalid Brevo API key format","timestamp":"2025-06-19T10:06:58.744Z"}
{"level":"error","message":"Failed to send OTP email","timestamp":"2025-06-19T10:06:58.744Z"}
{"level":"info","message":"Connected to MongoDB","timestamp":"2025-06-19T10:10:48.990Z"}
{"level":"info","message":"Server running on port 5000 in development mode","timestamp":"2025-06-19T10:10:48.995Z"}
{"level":"error","message":"Invalid Brevo API key format","timestamp":"2025-06-19T10:10:50.964Z"}
{"level":"error","message":"Invalid Brevo API key format","timestamp":"2025-06-19T10:10:53.598Z"}
{"level":"error","message":"Invalid Brevo API key format","timestamp":"2025-06-19T10:11:53.969Z"}
{"level":"error","message":"Invalid Brevo API key format","timestamp":"2025-06-19T10:24:59.728Z"}
{"level":"info","message":"Connected to MongoDB","timestamp":"2025-06-19T10:26:53.689Z"}
{"level":"info","message":"Server running on port 5000 in development mode","timestamp":"2025-06-19T10:26:53.696Z"}
{"level":"info","message":"Attempting to send email to yogesh234456@gmail.com with Brevo API","timestamp":"2025-06-19T10:26:55.932Z"}
{"level":"info","message":"Email API response status: 403","timestamp":"2025-06-19T10:26:56.957Z"}
{"error":{"code":"permission_denied","message":"Unable to send email. Your SMTP account is not yet activated. Please contact us at contact@brevo.com to request activation"},"level":"error","message":"Email API error:","status":403,"statusText":"Forbidden","timestamp":"2025-06-19T10:26:56.957Z"}
{"level":"info","message":"Attempting to send email to yogesh234456@gmail.com with Brevo API","timestamp":"2025-06-19T10:28:15.938Z"}
{"level":"info","message":"Email API response status: 403","timestamp":"2025-06-19T10:28:16.777Z"}
{"error":{"code":"permission_denied","message":"Unable to send email. Your SMTP account is not yet activated. Please contact us at contact@brevo.com to request activation"},"level":"error","message":"Email API error:","status":403,"statusText":"Forbidden","timestamp":"2025-06-19T10:28:16.777Z"}
{"level":"info","message":"Connected to MongoDB","timestamp":"2025-06-19T10:30:10.109Z"}
{"level":"info","message":"Server running on port 5000 in development mode","timestamp":"2025-06-19T10:30:10.114Z"}
{"level":"info","message":"Attempting to send email to yogesh234456@gmail.com with Brevo API","timestamp":"2025-06-19T10:30:23.697Z"}
{"level":"info","message":"Email API response status: 403","timestamp":"2025-06-19T10:30:24.735Z"}
{"error":{"code":"permission_denied","message":"Unable to send email. Your SMTP account is not yet activated. Please contact us at contact@brevo.com to request activation"},"level":"error","message":"Email API error:","status":403,"statusText":"Forbidden","timestamp":"2025-06-19T10:30:24.735Z"}
{"level":"info","message":"Connected to MongoDB","timestamp":"2025-06-19T10:33:26.012Z"}
{"level":"info","message":"Server running on port 5000 in development mode","timestamp":"2025-06-19T10:33:26.017Z"}
{"level":"info","message":"Attempting to send email to yogesh234456@gmail.com with Brevo API","timestamp":"2025-06-19T10:33:36.448Z"}
{"level":"info","message":"Email API response status: 403","timestamp":"2025-06-19T10:33:37.357Z"}
{"error":{"code":"permission_denied","message":"Unable to send email. Your SMTP account is not yet activated. Please contact us at contact@brevo.com to request activation"},"level":"error","message":"Email API error:","status":403,"statusText":"Forbidden","timestamp":"2025-06-19T10:33:37.358Z"}
{"level":"info","message":"Connected to MongoDB","timestamp":"2025-06-19T10:37:28.601Z"}
{"level":"info","message":"Server running on port 5000 in development mode","timestamp":"2025-06-19T10:37:28.606Z"}
{"level":"info","message":"Connected to MongoDB","timestamp":"2025-06-19T10:43:32.984Z"}
{"level":"info","message":"Server running on port 5000 in development mode","timestamp":"2025-06-19T10:43:32.989Z"}
{"level":"info","message":"Connected to MongoDB","timestamp":"2025-06-19T10:48:48.512Z"}
{"level":"info","message":"Server running on port 5000 in development mode","timestamp":"2025-06-19T10:48:48.517Z"}
{"level":"info","message":"Connected to MongoDB","timestamp":"2025-06-19T11:00:43.983Z"}
{"level":"info","message":"Server running on port 5000 in development mode","timestamp":"2025-06-19T11:00:43.988Z"}
{"level":"info","message":"Connected to MongoDB","timestamp":"2025-06-19T11:04:39.812Z"}
{"level":"info","message":"Server running on port 5000 in development mode","timestamp":"2025-06-19T11:04:39.820Z"}
{"level":"info","message":"Connected to MongoDB","timestamp":"2025-06-19T11:04:50.995Z"}
{"level":"info","message":"Server running on port 5000 in development mode","timestamp":"2025-06-19T11:04:51.000Z"}
{"level":"info","message":"Connected to MongoDB","timestamp":"2025-06-19T11:06:02.016Z"}
{"level":"info","message":"Server running on port 5000 in development mode","timestamp":"2025-06-19T11:06:02.021Z"}
{"level":"info","message":"Connected to MongoDB","timestamp":"2025-06-19T11:06:55.622Z"}
{"level":"info","message":"Server running on port 5000 in development mode","timestamp":"2025-06-19T11:06:55.628Z"}
{"level":"info","message":"Connected to MongoDB","timestamp":"2025-06-19T11:07:08.823Z"}
{"level":"info","message":"Server running on port 5000 in development mode","timestamp":"2025-06-19T11:07:08.828Z"}
{"level":"info","message":"Connected to MongoDB","timestamp":"2025-06-19T11:14:28.217Z"}
{"level":"info","message":"Server running on port 5000 in development mode","timestamp":"2025-06-19T11:14:28.224Z"}
{"level":"info","message":"Connected to MongoDB","timestamp":"2025-06-19T11:14:32.762Z"}
{"level":"info","message":"Server running on port 5000 in development mode","timestamp":"2025-06-19T11:14:32.768Z"}
{"level":"info","message":"Connected to MongoDB","timestamp":"2025-06-19T11:14:51.344Z"}
{"level":"info","message":"Server running on port 5000 in development mode","timestamp":"2025-06-19T11:14:51.349Z"}
{"level":"info","message":"Connected to MongoDB","timestamp":"2025-06-19T11:14:57.561Z"}
{"level":"info","message":"Server running on port 5000 in development mode","timestamp":"2025-06-19T11:14:57.566Z"}
{"level":"info","message":"Connected to MongoDB","timestamp":"2025-06-19T11:18:26.976Z"}
{"level":"info","message":"Server running on port 5000 in development mode","timestamp":"2025-06-19T11:18:26.981Z"}
{"level":"info","message":"Connected to MongoDB","timestamp":"2025-06-19T11:18:35.620Z"}
{"level":"info","message":"Server running on port 5000 in development mode","timestamp":"2025-06-19T11:18:35.625Z"}
{"level":"info","message":"Connected to MongoDB","timestamp":"2025-06-19T11:18:51.496Z"}
{"level":"info","message":"Server running on port 5000 in development mode","timestamp":"2025-06-19T11:18:51.502Z"}
{"level":"info","message":"Connected to MongoDB","timestamp":"2025-06-19T11:19:47.785Z"}
{"level":"info","message":"Server running on port 5000 in development mode","timestamp":"2025-06-19T11:19:47.790Z"}
{"level":"info","message":"Connected to MongoDB","timestamp":"2025-06-19T11:19:59.932Z"}
{"level":"info","message":"Server running on port 5000 in development mode","timestamp":"2025-06-19T11:19:59.941Z"}
{"level":"info","message":"Connected to MongoDB","timestamp":"2025-06-19T11:20:02.523Z"}
{"level":"info","message":"Server running on port 5000 in development mode","timestamp":"2025-06-19T11:20:02.531Z"}
{"level":"info","message":"Connected to MongoDB","timestamp":"2025-06-19T11:24:59.624Z"}
{"level":"info","message":"Server running on port 5000 in development mode","timestamp":"2025-06-19T11:24:59.631Z"}
{"level":"info","message":"Connected to MongoDB","timestamp":"2025-06-19T11:25:03.230Z"}
{"level":"info","message":"Server running on port 5000 in development mode","timestamp":"2025-06-19T11:25:03.236Z"}
{"level":"info","message":"Connected to MongoDB","timestamp":"2025-06-19T11:34:47.189Z"}
{"level":"info","message":"Server running on port 5000 in development mode","timestamp":"2025-06-19T11:34:47.194Z"}
{"level":"info","message":"Connected to MongoDB","timestamp":"2025-06-19T12:19:15.696Z"}
{"level":"info","message":"Server running on port 5000 in development mode","timestamp":"2025-06-19T12:19:15.702Z"}
{"level":"info","message":"Connected to MongoDB","timestamp":"2025-06-19T12:30:54.219Z"}
{"level":"info","message":"Server running on port 5000 in development mode","timestamp":"2025-06-19T12:30:54.224Z"}
{"level":"info","message":"Connected to MongoDB","timestamp":"2025-06-19T12:31:45.051Z"}
{"level":"info","message":"Server running on port 5000 in development mode","timestamp":"2025-06-19T12:31:45.057Z"}
{"level":"info","message":"Connected to MongoDB","timestamp":"2025-06-19T12:33:03.067Z"}
{"level":"info","message":"Server running on port 5000 in development mode","timestamp":"2025-06-19T12:33:03.073Z"}
{"level":"info","message":"Connected to MongoDB","timestamp":"2025-06-19T12:34:10.749Z"}
{"level":"info","message":"Server running on port 5000 in development mode","timestamp":"2025-06-19T12:34:10.754Z"}
{"level":"info","message":"Connected to MongoDB","timestamp":"2025-06-19T12:40:41.522Z"}
{"level":"info","message":"Server running on port 5000 in development mode","timestamp":"2025-06-19T12:40:41.527Z"}
{"level":"info","message":"Connected to MongoDB","timestamp":"2025-06-19T12:44:39.158Z"}
{"level":"info","message":"Server running on port 5000 in development mode","timestamp":"2025-06-19T12:44:39.165Z"}
{"level":"info","message":"Connected to MongoDB","timestamp":"2025-06-19T12:52:24.528Z"}
{"level":"info","message":"Server running on port 5000 in development mode","timestamp":"2025-06-19T12:52:24.533Z"}
{"level":"info","message":"Connected to MongoDB","timestamp":"2025-06-19T14:21:08.719Z"}
{"level":"info","message":"Server running on port 5000 in development mode","timestamp":"2025-06-19T14:21:08.734Z"}
{"level":"info","message":"Connected to MongoDB","timestamp":"2025-06-19T14:37:37.468Z"}
{"level":"info","message":"Server running on port 5000 in development mode","timestamp":"2025-06-19T14:37:37.473Z"}
{"level":"info","message":"Connected to MongoDB","timestamp":"2025-06-19T15:04:16.472Z"}
{"level":"info","message":"Server running on port 5000 in development mode","timestamp":"2025-06-19T15:04:16.478Z"}
{"level":"info","message":"Connected to MongoDB","timestamp":"2025-06-19T15:17:22.762Z"}
{"level":"info","message":"Server running on port 5000 in development mode","timestamp":"2025-06-19T15:17:22.768Z"}
{"level":"info","message":"Connected to MongoDB","timestamp":"2025-06-19T23:42:52.209Z"}
{"level":"info","message":"Server running on port 5000 in development mode","timestamp":"2025-06-19T23:42:52.214Z"}
{"level":"info","message":"Connected to MongoDB","timestamp":"2025-06-20T00:27:16.922Z"}
{"level":"info","message":"Server running on port 5000 in development mode","timestamp":"2025-06-20T00:27:16.927Z"}
{"level":"info","message":"Connected to MongoDB","timestamp":"2025-06-20T00:33:34.665Z"}
{"level":"warn","message":"Port 5000 is in use, trying 50001","timestamp":"2025-06-20T00:33:34.670Z"}
{"level":"info","message":"Server running on port 50001 in development mode","timestamp":"2025-06-20T00:33:34.672Z"}
{"level":"info","message":"Connected to MongoDB","timestamp":"2025-06-20T00:34:40.924Z"}
{"level":"info","message":"Server running on port 5000 in development mode","timestamp":"2025-06-20T00:34:40.929Z"}
{"level":"info","message":"Connected to MongoDB","timestamp":"2025-06-20T00:35:41.760Z"}
{"level":"info","message":"Server running on port 5000 in development mode","timestamp":"2025-06-20T00:35:41.767Z"}
{"level":"info","message":"Connected to MongoDB","timestamp":"2025-06-20T00:50:52.936Z"}
{"level":"info","message":"Server running on port 5000 in development mode","timestamp":"2025-06-20T00:50:52.941Z"}
{"level":"info","message":"Connected to MongoDB","timestamp":"2025-06-20T00:52:04.827Z"}
{"level":"info","message":"Server running on port 5000 in development mode","timestamp":"2025-06-20T00:52:04.833Z"}
{"level":"info","message":"Connected to MongoDB","timestamp":"2025-06-20T00:57:23.214Z"}
{"level":"warn","message":"Port 5000 is in use, trying 50001","timestamp":"2025-06-20T00:57:23.219Z"}
{"level":"info","message":"Server running on port 50001 in development mode","timestamp":"2025-06-20T00:57:23.221Z"}
{"level":"info","message":"Connected to MongoDB","timestamp":"2025-06-20T01:00:42.090Z"}
{"level":"info","message":"Connected to MongoDB","timestamp":"2025-06-20T01:01:51.791Z"}
{"level":"warn","message":"Port 5000 is in use, trying 5001","timestamp":"2025-06-20T01:01:51.797Z"}
{"level":"info","message":"Server running on port 5001 in development mode","timestamp":"2025-06-20T01:01:51.798Z"}
{"level":"info","message":"Connected to MongoDB","timestamp":"2025-06-20T01:06:11.082Z"}
{"level":"warn","message":"Port 5000 is in use, trying 5001","timestamp":"2025-06-20T01:06:11.087Z"}
{"level":"warn","message":"Port 5001 is in use, trying 5002","timestamp":"2025-06-20T01:06:11.088Z"}
{"level":"info","message":"Server running on port 5002 in development mode","timestamp":"2025-06-20T01:06:11.090Z"}
{"level":"info","message":"Connected to MongoDB","timestamp":"2025-06-20T01:06:55.099Z"}
{"level":"info","message":"Killed process 24176 on port 5000","timestamp":"2025-06-20T01:06:55.282Z"}
{"level":"error","message":"Port 5001 is in use. Please stop the process using port 5001 and try again.","timestamp":"2025-06-20T01:06:56.294Z"}
{"level":"info","message":"Connected to MongoDB","timestamp":"2025-06-20T01:07:45.964Z"}
{"level":"info","message":"Killed process 15256 on port 5000","timestamp":"2025-06-20T01:07:46.145Z"}
{"level":"info","message":"Killed process 5576 on port 5001","timestamp":"2025-06-20T01:07:47.306Z"}
{"level":"info","message":"Server running on port 5001 in development mode","timestamp":"2025-06-20T01:07:48.310Z"}
{"level":"info","message":"Connected to MongoDB","timestamp":"2025-06-20T01:09:11.679Z"}
{"level":"info","message":"Killed process 5312 on port 5001","timestamp":"2025-06-20T01:09:12.855Z"}
{"level":"info","message":"Server running on port 5001 in development mode","timestamp":"2025-06-20T01:09:13.866Z"}
{"level":"info","message":"Connected to MongoDB","timestamp":"2025-06-20T01:12:53.979Z"}
{"level":"info","message":"Server running on port 5001 in development mode","timestamp":"2025-06-20T01:12:56.099Z"}
{"level":"info","message":"Connected to MongoDB","timestamp":"2025-06-20T01:17:25.607Z"}
{"level":"info","message":"Killed process 2520 on port 5001","timestamp":"2025-06-20T01:17:26.795Z"}
{"level":"info","message":"Server running on port 5001 in development mode","timestamp":"2025-06-20T01:17:27.801Z"}
{"level":"info","message":"Connected to MongoDB","timestamp":"2025-06-20T01:19:51.292Z"}
{"level":"info","message":"Server running on port 5001 in development mode","timestamp":"2025-06-20T01:19:53.393Z"}
{"level":"info","message":"Connected to MongoDB","timestamp":"2025-06-20T01:24:01.704Z"}
{"level":"info","message":"Server running on port 5001 in development mode","timestamp":"2025-06-20T01:24:03.869Z"}
{"level":"info","message":"Connected to MongoDB","timestamp":"2025-06-20T01:25:22.051Z"}
{"level":"info","message":"Server running on port 5001 in development mode","timestamp":"2025-06-20T01:25:24.163Z"}
{"level":"info","message":"Connected to MongoDB","timestamp":"2025-06-20T01:26:06.174Z"}
{"level":"info","message":"Killed process 22368 on port 5001","timestamp":"2025-06-20T01:26:07.411Z"}
{"level":"info","message":"Server running on port 5001 in development mode","timestamp":"2025-06-20T01:26:08.425Z"}
{"level":"info","message":"Connected to MongoDB","timestamp":"2025-06-21T00:20:11.874Z"}
{"level":"info","message":"Server running on port 5001 in development mode","timestamp":"2025-06-21T00:20:14.014Z"}
{"level":"info","message":"Connected to MongoDB","timestamp":"2025-06-21T00:24:18.801Z"}
{"level":"info","message":"Connected to MongoDB","timestamp":"2025-06-21T00:24:25.097Z"}
{"level":"info","message":"Server running on port 5001 in development mode","timestamp":"2025-06-21T00:24:27.222Z"}
{"level":"info","message":"Connected to MongoDB","timestamp":"2025-06-21T00:30:37.072Z"}
{"level":"info","message":"Server running on port 5001 in development mode","timestamp":"2025-06-21T00:30:39.196Z"}
{"level":"info","message":"Connected to MongoDB","timestamp":"2025-06-21T00:31:02.112Z"}
{"level":"info","message":"Killed process 13272 on port 5001","timestamp":"2025-06-21T00:31:03.410Z"}
{"level":"info","message":"Server running on port 5001 in development mode","timestamp":"2025-06-21T00:31:04.422Z"}
{"level":"info","message":"Connected to MongoDB","timestamp":"2025-06-21T00:59:43.788Z"}
{"level":"info","message":"Server running on port 5001 in development mode","timestamp":"2025-06-21T00:59:45.918Z"}
{"level":"info","message":"Connected to MongoDB","timestamp":"2025-06-21T02:40:25.060Z"}
{"level":"info","message":"Server running on port 5001 in development mode","timestamp":"2025-06-21T02:40:27.146Z"}
{"level":"info","message":"Connected to MongoDB","timestamp":"2025-06-21T02:47:54.246Z"}
{"level":"info","message":"Killed process 8988 on port 5001","timestamp":"2025-06-21T02:47:55.456Z"}
{"level":"info","message":"Server running on port 5001 in development mode","timestamp":"2025-06-21T02:47:56.460Z"}
{"error":"Cannot set property query of #<IncomingMessage> which has only a getter","level":"error","message":"Global error handler:","stack":"TypeError: Cannot set property query of #<IncomingMessage> which has only a getter\n    at C:\\Js\\backend\\node_modules\\express-mongo-sanitize\\index.js:113:18\n    at Array.forEach (<anonymous>)\n    at C:\\Js\\backend\\node_modules\\express-mongo-sanitize\\index.js:110:44\n    at Layer.handleRequest (C:\\Js\\backend\\node_modules\\router\\lib\\layer.js:152:17)\n    at trimPrefix (C:\\Js\\backend\\node_modules\\router\\index.js:342:13)\n    at C:\\Js\\backend\\node_modules\\router\\index.js:297:9\n    at processParams (C:\\Js\\backend\\node_modules\\router\\index.js:582:12)\n    at next (C:\\Js\\backend\\node_modules\\router\\index.js:291:5)\n    at internalNext (C:\\Js\\backend\\node_modules\\helmet\\index.cjs:531:6)\n    at xXssProtectionMiddleware (C:\\Js\\backend\\node_modules\\helmet\\index.cjs:311:3)","timestamp":"2025-06-21T02:48:38.892Z"}
{"error":"Cannot set property query of #<IncomingMessage> which has only a getter","level":"error","message":"Global error handler:","stack":"TypeError: Cannot set property query of #<IncomingMessage> which has only a getter\n    at C:\\Js\\backend\\node_modules\\express-mongo-sanitize\\index.js:113:18\n    at Array.forEach (<anonymous>)\n    at C:\\Js\\backend\\node_modules\\express-mongo-sanitize\\index.js:110:44\n    at Layer.handleRequest (C:\\Js\\backend\\node_modules\\router\\lib\\layer.js:152:17)\n    at trimPrefix (C:\\Js\\backend\\node_modules\\router\\index.js:342:13)\n    at C:\\Js\\backend\\node_modules\\router\\index.js:297:9\n    at processParams (C:\\Js\\backend\\node_modules\\router\\index.js:582:12)\n    at next (C:\\Js\\backend\\node_modules\\router\\index.js:291:5)\n    at internalNext (C:\\Js\\backend\\node_modules\\helmet\\index.cjs:531:6)\n    at xXssProtectionMiddleware (C:\\Js\\backend\\node_modules\\helmet\\index.cjs:311:3)","timestamp":"2025-06-21T02:49:02.826Z"}
{"error":"Cannot set property query of #<IncomingMessage> which has only a getter","level":"error","message":"Global error handler:","stack":"TypeError: Cannot set property query of #<IncomingMessage> which has only a getter\n    at C:\\Js\\backend\\node_modules\\express-mongo-sanitize\\index.js:113:18\n    at Array.forEach (<anonymous>)\n    at C:\\Js\\backend\\node_modules\\express-mongo-sanitize\\index.js:110:44\n    at Layer.handleRequest (C:\\Js\\backend\\node_modules\\router\\lib\\layer.js:152:17)\n    at trimPrefix (C:\\Js\\backend\\node_modules\\router\\index.js:342:13)\n    at C:\\Js\\backend\\node_modules\\router\\index.js:297:9\n    at processParams (C:\\Js\\backend\\node_modules\\router\\index.js:582:12)\n    at next (C:\\Js\\backend\\node_modules\\router\\index.js:291:5)\n    at internalNext (C:\\Js\\backend\\node_modules\\helmet\\index.cjs:531:6)\n    at xXssProtectionMiddleware (C:\\Js\\backend\\node_modules\\helmet\\index.cjs:311:3)","timestamp":"2025-06-21T02:49:17.681Z"}
{"error":"Cannot set property query of #<IncomingMessage> which has only a getter","level":"error","message":"Global error handler:","stack":"TypeError: Cannot set property query of #<IncomingMessage> which has only a getter\n    at C:\\Js\\backend\\node_modules\\express-mongo-sanitize\\index.js:113:18\n    at Array.forEach (<anonymous>)\n    at C:\\Js\\backend\\node_modules\\express-mongo-sanitize\\index.js:110:44\n    at Layer.handleRequest (C:\\Js\\backend\\node_modules\\router\\lib\\layer.js:152:17)\n    at trimPrefix (C:\\Js\\backend\\node_modules\\router\\index.js:342:13)\n    at C:\\Js\\backend\\node_modules\\router\\index.js:297:9\n    at processParams (C:\\Js\\backend\\node_modules\\router\\index.js:582:12)\n    at next (C:\\Js\\backend\\node_modules\\router\\index.js:291:5)\n    at internalNext (C:\\Js\\backend\\node_modules\\helmet\\index.cjs:531:6)\n    at xXssProtectionMiddleware (C:\\Js\\backend\\node_modules\\helmet\\index.cjs:311:3)","timestamp":"2025-06-21T02:49:19.644Z"}
{"error":"Cannot set property query of #<IncomingMessage> which has only a getter","level":"error","message":"Global error handler:","stack":"TypeError: Cannot set property query of #<IncomingMessage> which has only a getter\n    at C:\\Js\\backend\\node_modules\\express-mongo-sanitize\\index.js:113:18\n    at Array.forEach (<anonymous>)\n    at C:\\Js\\backend\\node_modules\\express-mongo-sanitize\\index.js:110:44\n    at Layer.handleRequest (C:\\Js\\backend\\node_modules\\router\\lib\\layer.js:152:17)\n    at trimPrefix (C:\\Js\\backend\\node_modules\\router\\index.js:342:13)\n    at C:\\Js\\backend\\node_modules\\router\\index.js:297:9\n    at processParams (C:\\Js\\backend\\node_modules\\router\\index.js:582:12)\n    at next (C:\\Js\\backend\\node_modules\\router\\index.js:291:5)\n    at internalNext (C:\\Js\\backend\\node_modules\\helmet\\index.cjs:531:6)\n    at xXssProtectionMiddleware (C:\\Js\\backend\\node_modules\\helmet\\index.cjs:311:3)","timestamp":"2025-06-21T02:52:25.199Z"}
{"error":"Cannot set property query of #<IncomingMessage> which has only a getter","level":"error","message":"Global error handler:","stack":"TypeError: Cannot set property query of #<IncomingMessage> which has only a getter\n    at C:\\Js\\backend\\node_modules\\express-mongo-sanitize\\index.js:113:18\n    at Array.forEach (<anonymous>)\n    at C:\\Js\\backend\\node_modules\\express-mongo-sanitize\\index.js:110:44\n    at Layer.handleRequest (C:\\Js\\backend\\node_modules\\router\\lib\\layer.js:152:17)\n    at trimPrefix (C:\\Js\\backend\\node_modules\\router\\index.js:342:13)\n    at C:\\Js\\backend\\node_modules\\router\\index.js:297:9\n    at processParams (C:\\Js\\backend\\node_modules\\router\\index.js:582:12)\n    at next (C:\\Js\\backend\\node_modules\\router\\index.js:291:5)\n    at internalNext (C:\\Js\\backend\\node_modules\\helmet\\index.cjs:531:6)\n    at xXssProtectionMiddleware (C:\\Js\\backend\\node_modules\\helmet\\index.cjs:311:3)","timestamp":"2025-06-21T02:52:26.030Z"}
{"level":"info","message":"Connected to MongoDB","timestamp":"2025-06-21T02:52:31.854Z"}
{"level":"info","message":"Server running on port 5001 in development mode","timestamp":"2025-06-21T02:52:33.963Z"}
{"level":"info","message":"Connected to MongoDB","timestamp":"2025-06-21T02:59:47.317Z"}
{"level":"info","message":"Killed process 12744 on port 5001","timestamp":"2025-06-21T02:59:48.466Z"}
{"level":"info","message":"Server running on port 5001 in development mode","timestamp":"2025-06-21T02:59:49.484Z"}
{"level":"info","message":"Connected to MongoDB","timestamp":"2025-06-21T03:02:39.383Z"}
{"level":"info","message":"Server running on port 5001 in development mode","timestamp":"2025-06-21T03:02:41.460Z"}
{"level":"info","message":"Connected to MongoDB","timestamp":"2025-06-21T03:13:46.157Z"}
{"level":"info","message":"Server running on port 5001 in development mode","timestamp":"2025-06-21T03:13:48.261Z"}
{"level":"info","message":"Connected to MongoDB","timestamp":"2025-06-21T03:19:56.445Z"}
{"level":"info","message":"Server running on port 5001 in development mode","timestamp":"2025-06-21T03:19:58.549Z"}
{"level":"info","message":"Connected to MongoDB","timestamp":"2025-06-21T03:22:38.738Z"}
{"level":"info","message":"Server running on port 5001 in development mode","timestamp":"2025-06-21T03:22:40.837Z"}
{"level":"info","message":"Connected to MongoDB","timestamp":"2025-06-21T03:24:27.285Z"}
{"level":"info","message":"Killed process 15320 on port 5001","timestamp":"2025-06-21T03:24:28.469Z"}
{"level":"info","message":"Server running on port 5001 in development mode","timestamp":"2025-06-21T03:24:29.479Z"}
{"level":"info","message":"Connected to MongoDB","timestamp":"2025-06-21T03:31:59.744Z"}
{"level":"info","message":"Killed process 21716 on port 5001","timestamp":"2025-06-21T03:32:00.932Z"}
{"level":"info","message":"Server running on port 5001 in development mode","timestamp":"2025-06-21T03:32:01.939Z"}
{"level":"info","message":"Connected to MongoDB","timestamp":"2025-06-21T03:50:42.991Z"}
{"level":"info","message":"Server running on port 5001 in development mode","timestamp":"2025-06-21T03:50:45.126Z"}
{"level":"info","message":"Connected to MongoDB","timestamp":"2025-06-21T03:56:15.560Z"}
{"level":"info","message":"Server running on port 5001 in development mode","timestamp":"2025-06-21T03:56:17.657Z"}
{"level":"info","message":"Connected to MongoDB","timestamp":"2025-06-22T00:40:11.653Z"}
{"level":"info","message":"Server running on port 5001 in development mode","timestamp":"2025-06-22T00:40:13.859Z"}
{"level":"info","message":"Connected to MongoDB","timestamp":"2025-06-22T00:48:42.330Z"}
{"level":"info","message":"Server running on port 5001 in development mode","timestamp":"2025-06-22T00:48:44.429Z"}
{"error":"request entity too large","level":"error","message":"Global error handler:","stack":"PayloadTooLargeError: request entity too large\n    at readStream (C:\\Js\\backend\\node_modules\\raw-body\\index.js:163:17)\n    at getRawBody (C:\\Js\\backend\\node_modules\\raw-body\\index.js:116:12)\n    at read (C:\\Js\\backend\\node_modules\\body-parser\\lib\\read.js:79:3)\n    at jsonParser (C:\\Js\\backend\\node_modules\\body-parser\\lib\\types\\json.js:138:5)\n    at Layer.handle [as handle_request] (C:\\Js\\backend\\node_modules\\express\\lib\\router\\layer.js:95:5)\n    at trim_prefix (C:\\Js\\backend\\node_modules\\express\\lib\\router\\index.js:328:13)\n    at C:\\Js\\backend\\node_modules\\express\\lib\\router\\index.js:286:9\n    at Function.process_params (C:\\Js\\backend\\node_modules\\express\\lib\\router\\index.js:346:12)\n    at next (C:\\Js\\backend\\node_modules\\express\\lib\\router\\index.js:280:10)\n    at C:\\Js\\backend\\server.js:79:3","timestamp":"2025-06-22T01:41:10.909Z"}
{"level":"info","message":"Connected to MongoDB","timestamp":"2025-06-22T01:44:20.048Z"}
{"level":"info","message":"Server running on port 5001 in development mode","timestamp":"2025-06-22T01:44:22.187Z"}
{"level":"info","message":"Connected to MongoDB","timestamp":"2025-06-22T02:02:16.377Z"}
{"level":"info","message":"Server running on port 5001 in development mode","timestamp":"2025-06-22T02:02:18.487Z"}
{"level":"info","message":"Connected to MongoDB","timestamp":"2025-06-23T00:52:37.465Z"}
{"level":"info","message":"Server running on port 5001 in development mode","timestamp":"2025-06-23T00:52:39.578Z"}
{"level":"info","message":"Connected to MongoDB","timestamp":"2025-06-23T00:54:43.934Z"}
{"level":"info","message":"Server running on port 5001 in development mode","timestamp":"2025-06-23T00:54:46.031Z"}
{"level":"info","message":"Connected to MongoDB","timestamp":"2025-06-23T01:12:09.833Z"}
{"level":"info","message":"Server running on port 5001 in development mode","timestamp":"2025-06-23T01:12:11.949Z"}
{"level":"info","message":"Connected to MongoDB","timestamp":"2025-06-23T01:23:10.522Z"}
{"level":"info","message":"Server running on port 5001 in development mode","timestamp":"2025-06-23T01:23:12.621Z"}
{"level":"info","message":"Connected to MongoDB","timestamp":"2025-06-23T01:25:15.579Z"}
{"level":"info","message":"Server running on port 5001 in development mode","timestamp":"2025-06-23T01:25:17.674Z"}
{"level":"info","message":"Connected to MongoDB","timestamp":"2025-06-23T01:33:35.657Z"}
{"level":"info","message":"Server running on port 5001 in development mode","timestamp":"2025-06-23T01:33:37.766Z"}
{"level":"info","message":"Connected to MongoDB","timestamp":"2025-06-23T02:41:37.262Z"}
{"level":"info","message":"Server running on port 5001 in development mode","timestamp":"2025-06-23T02:41:39.359Z"}
{"level":"info","message":"Connected to MongoDB","timestamp":"2025-06-23T02:49:02.937Z"}
{"level":"info","message":"Server running on port 5001 in development mode","timestamp":"2025-06-23T02:49:05.030Z"}
{"level":"info","message":"Connected to MongoDB","timestamp":"2025-06-23T03:19:20.762Z"}
{"level":"info","message":"Server running on port 5001 in development mode","timestamp":"2025-06-23T03:19:22.896Z"}
{"level":"info","message":"Connected to MongoDB","timestamp":"2025-06-23T04:46:24.159Z"}
{"level":"info","message":"Server running on port 5001 in development mode","timestamp":"2025-06-23T04:46:26.270Z"}
{"level":"info","message":"Connected to MongoDB","timestamp":"2025-06-23T04:49:02.975Z"}
{"level":"info","message":"Server running on port 5001 in development mode","timestamp":"2025-06-23T04:49:05.069Z"}
{"level":"info","message":"Connected to MongoDB","timestamp":"2025-06-23T05:17:01.788Z"}
{"level":"info","message":"Server running on port 5001 in development mode","timestamp":"2025-06-23T05:17:03.907Z"}
{"level":"info","message":"Connected to MongoDB","timestamp":"2025-06-23T05:23:23.762Z"}
{"level":"info","message":"Server running on port 5001 in development mode","timestamp":"2025-06-23T05:23:25.865Z"}
{"level":"info","message":"Connected to MongoDB","timestamp":"2025-06-23T05:25:19.590Z"}
{"level":"info","message":"Server running on port 5001 in development mode","timestamp":"2025-06-23T05:25:21.696Z"}
{"level":"info","message":"Connected to MongoDB","timestamp":"2025-06-23T05:26:27.280Z"}
{"level":"info","message":"Server running on port 5001 in development mode","timestamp":"2025-06-23T05:26:29.381Z"}
{"level":"info","message":"Connected to MongoDB","timestamp":"2025-06-23T05:29:05.232Z"}
{"level":"info","message":"Server running on port 5001 in development mode","timestamp":"2025-06-23T05:29:07.350Z"}
{"level":"info","message":"Connected to MongoDB","timestamp":"2025-06-23T05:30:23.502Z"}
{"level":"info","message":"Server running on port 5001 in development mode","timestamp":"2025-06-23T05:30:25.770Z"}
{"level":"info","message":"Connected to MongoDB","timestamp":"2025-06-23T09:46:35.404Z"}
{"level":"info","message":"Server running on port 5001 in development mode","timestamp":"2025-06-23T09:46:37.629Z"}
{"level":"info","message":"Connected to MongoDB","timestamp":"2025-06-23T09:48:17.254Z"}
{"level":"info","message":"Server running on port 5001 in development mode","timestamp":"2025-06-23T09:48:19.370Z"}
{"level":"info","message":"Connected to MongoDB","timestamp":"2025-06-23T09:52:49.945Z"}
{"level":"info","message":"Server running on port 5001 in development mode","timestamp":"2025-06-23T09:52:52.070Z"}
{"level":"info","message":"Connected to MongoDB","timestamp":"2025-06-23T10:05:35.943Z"}
{"level":"info","message":"Server running on port 5001 in development mode","timestamp":"2025-06-23T10:05:38.040Z"}
{"level":"info","message":"Connected to MongoDB","timestamp":"2025-06-23T10:37:54.526Z"}
{"level":"info","message":"Server running on port 5001 in development mode","timestamp":"2025-06-23T10:37:56.629Z"}
{"level":"info","message":"Connected to MongoDB","timestamp":"2025-06-23T11:04:20.226Z"}
{"level":"info","message":"Server running on port 5001 in development mode","timestamp":"2025-06-23T11:04:22.319Z"}
{"level":"info","message":"Connected to MongoDB","timestamp":"2025-06-23T12:02:19.830Z"}
{"level":"info","message":"Server running on port 5001 in development mode","timestamp":"2025-06-23T12:02:21.954Z"}
{"level":"info","message":"Connected to MongoDB","timestamp":"2025-06-23T12:58:57.359Z"}
{"level":"info","message":"Server running on port 5001 in development mode","timestamp":"2025-06-23T12:58:59.452Z"}
{"level":"info","message":"Connected to MongoDB","timestamp":"2025-06-23T13:02:59.874Z"}
{"level":"info","message":"Server running on port 5001 in development mode","timestamp":"2025-06-23T13:03:01.956Z"}
{"level":"info","message":"Connected to MongoDB","timestamp":"2025-06-23T13:05:35.995Z"}
{"level":"info","message":"Server running on port 5001 in development mode","timestamp":"2025-06-23T13:05:38.090Z"}
{"level":"info","message":"Connected to MongoDB","timestamp":"2025-06-23T13:10:22.809Z"}
{"level":"info","message":"Server running on port 5001 in development mode","timestamp":"2025-06-23T13:10:24.893Z"}
{"level":"info","message":"Connected to MongoDB","timestamp":"2025-06-23T13:15:02.696Z"}
{"level":"info","message":"Server running on port 5001 in development mode","timestamp":"2025-06-23T13:15:04.802Z"}
{"level":"info","message":"Connected to MongoDB","timestamp":"2025-06-23T13:33:44.665Z"}
{"level":"info","message":"Server running on port 5001 in development mode","timestamp":"2025-06-23T13:33:46.747Z"}
{"level":"info","message":"Connected to MongoDB","timestamp":"2025-06-23T22:48:53.751Z"}
{"level":"info","message":"Server running on port 5001 in development mode","timestamp":"2025-06-23T22:48:55.853Z"}
{"level":"info","message":"Connected to MongoDB"}
{"level":"info","message":"Server running on port 5001 in development mode"}
{"level":"info","message":"Connected to MongoDB"}
{"level":"info","message":"Server running on port 5001 in development mode"}
{"level":"info","message":"Connected to MongoDB"}
{"level":"info","message":"Server running on port 5001 in development mode"}
{"level":"info","message":"Connected to MongoDB"}
{"level":"info","message":"Server running on port 5001 in development mode"}
